<?xml version="1.0" encoding="UTF-8"?>
<!-- Generated by org.testng.reporters.JUnitReportReporter -->
<testsuite skipped="0" hostname="setu.local" name="UdemyTest" tests="1" failures="0" timestamp="2020-08-29T00:36:54 BDT" time="14.142" errors="0">
  <testcase name="f" time="14.142" classname="UdemyTest"/>
  <system-out/>
</testsuite> <!-- UdemyTest -->
