<?xml version="1.0" encoding="UTF-8"?>
<!-- Generated by org.testng.reporters.JUnitReportReporter -->
<testsuite skipped="0" hostname="setu.local" name="UdemyTest" tests="2" failures="0" timestamp="2021-06-24T00:45:22 BDT" time="11.673" errors="0">
  <testcase name="f" time="11.671" classname="UdemyTest"/>
  <system-out/>
  <testcase name="testSignIn" time="0.002" classname="UdemyTest"/>
  <system-out/>
</testsuite> <!-- UdemyTest -->
